Build started 6.5.2015 12:50:28.
     1>Project "C:\Users\tti13sjoni-petteril\Desktop\New folder\CancerMotor\CancerMotor\CancerMotor.vcxproj" on node 2 (Build target(s)).
     1>ClCompile:
         C:\Program Files (x86)\Microsoft Visual Studio 12.0\VC\bin\CL.exe /c /ZI /nologo /W3 /WX- /Od /Oy- /D PLATFORM_B /D WIN32 /D _DEBUG /D _WINDOWS /D _UNICODE /D UNICODE /Gm /EHsc /RTC1 /MDd /GS /fp:precise /Zc:wchar_t /Zc:forScope /GR /Fo"Debug\\" /Fd"Debug\vc120.pdb" /Gd /TP /analyze- /errorReport:prompt Main.cpp
         Main.cpp
     1>c:\users\tti13sjoni-petteril\desktop\new folder\cancermotor\cancermotor\componentfactory.h(49): warning C4305: 'argument' : truncation from 'double' to 'float'
     1>c:\users\tti13sjoni-petteril\desktop\new folder\cancermotor\cancermotor\main.cpp(28): warning C4305: 'argument' : truncation from 'double' to 'float'
     1>c:\users\tti13sjoni-petteril\desktop\new folder\cancermotor\cancermotor\main.cpp(56): warning C4305: 'argument' : truncation from 'double' to 'float'
     1>c:\users\tti13sjoni-petteril\desktop\new folder\cancermotor\cancermotor\main.cpp(151): warning C4244: 'initializing' : conversion from 'LONGLONG' to 'double', possible loss of data
       Link:
         C:\Program Files (x86)\Microsoft Visual Studio 12.0\VC\bin\link.exe /ERRORREPORT:PROMPT /OUT:"C:\Users\tti13sjoni-petteril\Desktop\New folder\CancerMotor\Debug\CancerMotor.exe" /INCREMENTAL /NOLOGO FreeImaged.lib LibJXR.lib glew32d.lib glew32sd.lib opengl32.lib kernel32.lib user32.lib gdi32.lib winspool.lib comdlg32.lib advapi32.lib shell32.lib ole32.lib oleaut32.lib uuid.lib odbc32.lib odbccp32.lib /MANIFEST /MANIFESTUAC:"level='asInvoker' uiAccess='false'" /manifest:embed /DEBUG /PDB:"C:\Users\tti13sjoni-petteril\Desktop\New folder\CancerMotor\Debug\CancerMotor.pdb" /SUBSYSTEM:CONSOLE /TLBID:1 /ENTRY:"mainCRTStartup" /DYNAMICBASE /NXCOMPAT /IMPLIB:"C:\Users\tti13sjoni-petteril\Desktop\New folder\CancerMotor\Debug\CancerMotor.lib" /MACHINE:X86 Debug\Image.obj
         Debug\Input.obj
         Debug\SystemManager.obj
         Debug\Window.obj
         Debug\Component.obj
         Debug\Main.obj
         Debug\GameObject.obj
         Debug\Object.obj
         Debug\ObjectLoader.obj
         Debug\Physics.obj
         Debug\PhysicsSystem.obj
         Debug\Renderable.obj
         Debug\RenderingContext.obj
         Debug\RenderingSystem.obj
         Debug\Resource.obj
         Debug\ResourceLoader.obj
         Debug\ResourceManager.obj
         Debug\Transformable.obj
         Debug\WriteToFile.obj
         CancerMotor.vcxproj -> C:\Users\tti13sjoni-petteril\Desktop\New folder\CancerMotor\Debug\CancerMotor.exe
     1>Done Building Project "C:\Users\tti13sjoni-petteril\Desktop\New folder\CancerMotor\CancerMotor\CancerMotor.vcxproj" (Build target(s)).

Build succeeded.

Time Elapsed 00:00:01.13
