c:\users\omistaja\desktop\cancermotor\cancermotor\debug\vc120.pdb
c:\users\omistaja\desktop\cancermotor\cancermotor\debug\vc120.idb
c:\users\omistaja\desktop\cancermotor\cancermotor\debug\image.obj
c:\users\omistaja\desktop\cancermotor\cancermotor\debug\input.obj
c:\users\omistaja\desktop\cancermotor\cancermotor\debug\systemmanager.obj
c:\users\omistaja\desktop\cancermotor\cancermotor\debug\window.obj
c:\users\omistaja\desktop\cancermotor\cancermotor\debug\component.obj
c:\users\omistaja\desktop\cancermotor\cancermotor\debug\main.obj
c:\users\omistaja\desktop\cancermotor\cancermotor\debug\gameobject.obj
c:\users\omistaja\desktop\cancermotor\cancermotor\debug\object.obj
c:\users\omistaja\desktop\cancermotor\cancermotor\debug\objectloader.obj
c:\users\omistaja\desktop\cancermotor\cancermotor\debug\physics.obj
c:\users\omistaja\desktop\cancermotor\cancermotor\debug\physicssystem.obj
c:\users\omistaja\desktop\cancermotor\cancermotor\debug\renderable.obj
c:\users\omistaja\desktop\cancermotor\cancermotor\debug\renderingcontext.obj
c:\users\omistaja\desktop\cancermotor\cancermotor\debug\renderingsystem.obj
c:\users\omistaja\desktop\cancermotor\cancermotor\debug\resource.obj
c:\users\omistaja\desktop\cancermotor\cancermotor\debug\resourceloader.obj
c:\users\omistaja\desktop\cancermotor\cancermotor\debug\resourcemanager.obj
c:\users\omistaja\desktop\cancermotor\cancermotor\debug\transformable.obj
c:\users\omistaja\desktop\cancermotor\cancermotor\debug\writetofile.obj
c:\users\omistaja\desktop\cancermotor\debug\cancermotor.ilk
c:\users\omistaja\desktop\cancermotor\debug\cancermotor.exe
c:\users\omistaja\desktop\cancermotor\debug\cancermotor.pdb
c:\users\omistaja\desktop\cancermotor\cancermotor\debug\cancermotor.tlog\cl.command.1.tlog
c:\users\omistaja\desktop\cancermotor\cancermotor\debug\cancermotor.tlog\cl.read.1.tlog
c:\users\omistaja\desktop\cancermotor\cancermotor\debug\cancermotor.tlog\cl.write.1.tlog
c:\users\omistaja\desktop\cancermotor\cancermotor\debug\cancermotor.tlog\link.command.1.tlog
c:\users\omistaja\desktop\cancermotor\cancermotor\debug\cancermotor.tlog\link.read.1.tlog
c:\users\omistaja\desktop\cancermotor\cancermotor\debug\cancermotor.tlog\link.write.1.tlog
